{"C:\\Users\\paszt\\Downloads\\courses\\web-adat-teszt\\web-adat-teszt\\web-adat-backend\\src\\app.controller.ts": {"path":"C:\\Users\\paszt\\Downloads\\courses\\web-adat-teszt\\web-adat-teszt\\web-adat-backend\\src\\app.controller.ts","statementMap":{"0":{"start":{"line":1,"column":0},"end":{"line":1,"column":49}},"1":{"start":{"line":2,"column":0},"end":{"line":2,"column":43}},"2":{"start":{"line":5,"column":7},"end":{"line":13,"column":null}},"3":{"start":{"line":6,"column":31},"end":{"line":6,"column":43}},"4":{"start":{"line":10,"column":18},"end":{"line":10,"column":55}},"5":{"start":{"line":11,"column":4},"end":{"line":11,"column":null}},"6":{"start":{"line":5,"column":13},"end":{"line":5,"column":26}},"7":{"start":{"line":9,"column":8},"end":{"line":12,"column":null}},"8":{"start":{"line":5,"column":13},"end":{"line":13,"column":null}}},"fnMap":{"0":{"name":"(anonymous_2)","decl":{"start":{"line":6,"column":2},"end":{"line":6,"column":31}},"loc":{"start":{"line":6,"column":53},"end":{"line":6,"column":57}}},"1":{"name":"(anonymous_3)","decl":{"start":{"line":9,"column":2},"end":{"line":9,"column":7}},"loc":{"start":{"line":9,"column":21},"end":{"line":12,"column":3}}}},"branchMap":{},"s":{"0":0,"1":0,"2":0,"3":0,"4":0,"5":0,"6":0,"7":0,"8":0},"f":{"0":0,"1":0},"b":{}}
,"C:\\Users\\paszt\\Downloads\\courses\\web-adat-teszt\\web-adat-teszt\\web-adat-backend\\src\\app.module.ts": {"path":"C:\\Users\\paszt\\Downloads\\courses\\web-adat-teszt\\web-adat-teszt\\web-adat-backend\\src\\app.module.ts","statementMap":{"0":{"start":{"line":1,"column":0},"end":{"line":1,"column":72}},"1":{"start":{"line":2,"column":0},"end":{"line":2,"column":49}},"2":{"start":{"line":3,"column":0},"end":{"line":3,"column":43}},"3":{"start":{"line":4,"column":0},"end":{"line":4,"column":51}},"4":{"start":{"line":5,"column":0},"end":{"line":5,"column":60}},"5":{"start":{"line":6,"column":0},"end":{"line":6,"column":63}},"6":{"start":{"line":7,"column":0},"end":{"line":7,"column":90}},"7":{"start":{"line":8,"column":0},"end":{"line":8,"column":98}},"8":{"start":{"line":9,"column":0},"end":{"line":9,"column":92}},"9":{"start":{"line":10,"column":0},"end":{"line":10,"column":49}},"10":{"start":{"line":17,"column":7},"end":{"line":23,"column":null}},"11":{"start":{"line":19,"column":4},"end":{"line":21,"column":22}},"12":{"start":{"line":17,"column":13},"end":{"line":17,"column":22}},"13":{"start":{"line":17,"column":13},"end":{"line":23,"column":null}}},"fnMap":{"0":{"name":"(anonymous_1)","decl":{"start":{"line":18,"column":2},"end":{"line":18,"column":11}},"loc":{"start":{"line":18,"column":40},"end":{"line":22,"column":3}}}},"branchMap":{},"s":{"0":0,"1":0,"2":0,"3":0,"4":0,"5":0,"6":0,"7":0,"8":0,"9":0,"10":0,"11":0,"12":0,"13":0},"f":{"0":0},"b":{}}
,"C:\\Users\\paszt\\Downloads\\courses\\web-adat-teszt\\web-adat-teszt\\web-adat-backend\\src\\app.service.ts": {"path":"C:\\Users\\paszt\\Downloads\\courses\\web-adat-teszt\\web-adat-teszt\\web-adat-backend\\src\\app.service.ts","statementMap":{"0":{"start":{"line":1,"column":0},"end":{"line":1,"column":44}},"1":{"start":{"line":2,"column":0},"end":{"line":2,"column":49}},"2":{"start":{"line":5,"column":7},"end":{"line":20,"column":null}},"3":{"start":{"line":6,"column":31},"end":{"line":6,"column":39}},"4":{"start":{"line":9,"column":23},"end":{"line":16,"column":6}},"5":{"start":{"line":18,"column":4},"end":{"line":18,"column":53}},"6":{"start":{"line":18,"column":35},"end":{"line":18,"column":51}},"7":{"start":{"line":5,"column":13},"end":{"line":5,"column":23}},"8":{"start":{"line":5,"column":13},"end":{"line":20,"column":null}}},"fnMap":{"0":{"name":"(anonymous_2)","decl":{"start":{"line":6,"column":2},"end":{"line":6,"column":31}},"loc":{"start":{"line":6,"column":52},"end":{"line":6,"column":56}}},"1":{"name":"(anonymous_3)","decl":{"start":{"line":8,"column":2},"end":{"line":8,"column":7}},"loc":{"start":{"line":8,"column":21},"end":{"line":19,"column":3}}},"2":{"name":"(anonymous_4)","decl":{"start":{"line":18,"column":26},"end":{"line":18,"column":31}},"loc":{"start":{"line":18,"column":35},"end":{"line":18,"column":51}}}},"branchMap":{},"s":{"0":0,"1":0,"2":0,"3":0,"4":0,"5":0,"6":0,"7":0,"8":0},"f":{"0":0,"1":0,"2":0},"b":{}}
,"C:\\Users\\paszt\\Downloads\\courses\\web-adat-teszt\\web-adat-teszt\\web-adat-backend\\src\\main.ts": {"path":"C:\\Users\\paszt\\Downloads\\courses\\web-adat-teszt\\web-adat-teszt\\web-adat-backend\\src\\main.ts","statementMap":{"0":{"start":{"line":1,"column":0},"end":{"line":1,"column":43}},"1":{"start":{"line":2,"column":0},"end":{"line":2,"column":41}},"2":{"start":{"line":5,"column":14},"end":{"line":5,"column":49}},"3":{"start":{"line":6,"column":2},"end":{"line":6,"column":19}},"4":{"start":{"line":7,"column":2},"end":{"line":7,"column":45}},"5":{"start":{"line":9,"column":0},"end":{"line":9,"column":12}}},"fnMap":{"0":{"name":"bootstrap","decl":{"start":{"line":4,"column":15},"end":{"line":4,"column":24}},"loc":{"start":{"line":4,"column":24},"end":{"line":8,"column":1}}}},"branchMap":{"0":{"loc":{"start":{"line":7,"column":19},"end":{"line":7,"column":43}},"type":"binary-expr","locations":[{"start":{"line":7,"column":19},"end":{"line":7,"column":35}},{"start":{"line":7,"column":39},"end":{"line":7,"column":43}}]}},"s":{"0":0,"1":0,"2":0,"3":0,"4":0,"5":0},"f":{"0":0},"b":{"0":[0,0]}}
,"C:\\Users\\paszt\\Downloads\\courses\\web-adat-teszt\\web-adat-teszt\\web-adat-backend\\src\\prisma.service.ts": {"path":"C:\\Users\\paszt\\Downloads\\courses\\web-adat-teszt\\web-adat-teszt\\web-adat-backend\\src\\prisma.service.ts","statementMap":{"0":{"start":{"line":1,"column":0},"end":{"line":1,"column":58}},"1":{"start":{"line":2,"column":0},"end":{"line":2,"column":46}},"2":{"start":{"line":5,"column":7},"end":{"line":9,"column":null}},"3":{"start":{"line":7,"column":4},"end":{"line":7,"column":26}},"4":{"start":{"line":5,"column":13},"end":{"line":5,"column":26}},"5":{"start":{"line":5,"column":13},"end":{"line":9,"column":null}}},"fnMap":{"0":{"name":"(anonymous_1)","decl":{"start":{"line":6,"column":2},"end":{"line":6,"column":7}},"loc":{"start":{"line":6,"column":20},"end":{"line":8,"column":3}}}},"branchMap":{},"s":{"0":1,"1":1,"2":1,"3":0,"4":1,"5":1},"f":{"0":0},"b":{}}
,"C:\\Users\\paszt\\Downloads\\courses\\web-adat-teszt\\web-adat-teszt\\web-adat-backend\\src\\performancemetrics\\performancemetrics.controller.ts": {"path":"C:\\Users\\paszt\\Downloads\\courses\\web-adat-teszt\\web-adat-teszt\\web-adat-backend\\src\\performancemetrics\\performancemetrics.controller.ts","statementMap":{"0":{"start":{"line":1,"column":0},"end":{"line":1,"column":61}},"1":{"start":{"line":2,"column":0},"end":{"line":2,"column":73}},"2":{"start":{"line":5,"column":7},"end":{"line":29,"column":null}},"3":{"start":{"line":7,"column":21},"end":{"line":7,"column":48}},"4":{"start":{"line":13,"column":4},"end":{"line":18,"column":null}},"5":{"start":{"line":22,"column":8},"end":{"line":22,"column":null}},"6":{"start":{"line":27,"column":4},"end":{"line":27,"column":null}},"7":{"start":{"line":5,"column":13},"end":{"line":5,"column":41}},"8":{"start":{"line":10,"column":8},"end":{"line":19,"column":null}},"9":{"start":{"line":21,"column":10},"end":{"line":23,"column":null}},"10":{"start":{"line":26,"column":8},"end":{"line":28,"column":null}},"11":{"start":{"line":5,"column":13},"end":{"line":29,"column":null}}},"fnMap":{"0":{"name":"(anonymous_4)","decl":{"start":{"line":6,"column":2},"end":{"line":6,"column":null}},"loc":{"start":{"line":7,"column":73},"end":{"line":8,"column":6}}},"1":{"name":"(anonymous_5)","decl":{"start":{"line":10,"column":2},"end":{"line":10,"column":7}},"loc":{"start":{"line":11,"column":79},"end":{"line":19,"column":3}}},"2":{"name":"(anonymous_6)","decl":{"start":{"line":21,"column":4},"end":{"line":21,"column":9}},"loc":{"start":{"line":21,"column":29},"end":{"line":23,"column":5}}},"3":{"name":"(anonymous_7)","decl":{"start":{"line":26,"column":2},"end":{"line":26,"column":7}},"loc":{"start":{"line":26,"column":42},"end":{"line":28,"column":3}}}},"branchMap":{},"s":{"0":0,"1":0,"2":0,"3":0,"4":0,"5":0,"6":0,"7":0,"8":0,"9":0,"10":0,"11":0},"f":{"0":0,"1":0,"2":0,"3":0},"b":{}}
,"C:\\Users\\paszt\\Downloads\\courses\\web-adat-teszt\\web-adat-teszt\\web-adat-backend\\src\\performancemetrics\\performancemetrics.middleware.ts": {"path":"C:\\Users\\paszt\\Downloads\\courses\\web-adat-teszt\\web-adat-teszt\\web-adat-backend\\src\\performancemetrics\\performancemetrics.middleware.ts","statementMap":{"0":{"start":{"line":1,"column":0},"end":{"line":1,"column":60}},"1":{"start":{"line":2,"column":0},"end":{"line":2,"column":73}},"2":{"start":{"line":7,"column":7},"end":{"line":27,"column":null}},"3":{"start":{"line":8,"column":31},"end":{"line":8,"column":58}},"4":{"start":{"line":10,"column":18},"end":{"line":10,"column":35}},"5":{"start":{"line":11,"column":4},"end":{"line":24,"column":null}},"6":{"start":{"line":12,"column":21},"end":{"line":12,"column":38}},"7":{"start":{"line":14,"column":6},"end":{"line":23,"column":7}},"8":{"start":{"line":15,"column":8},"end":{"line":20,"column":null}},"9":{"start":{"line":22,"column":8},"end":{"line":22,"column":29}},"10":{"start":{"line":25,"column":4},"end":{"line":25,"column":11}},"11":{"start":{"line":7,"column":13},"end":{"line":7,"column":41}},"12":{"start":{"line":7,"column":13},"end":{"line":27,"column":null}}},"fnMap":{"0":{"name":"(anonymous_2)","decl":{"start":{"line":8,"column":2},"end":{"line":8,"column":31}},"loc":{"start":{"line":8,"column":83},"end":{"line":8,"column":87}}},"1":{"name":"(anonymous_3)","decl":{"start":{"line":9,"column":2},"end":{"line":9,"column":7}},"loc":{"start":{"line":9,"column":59},"end":{"line":26,"column":3}}},"2":{"name":"(anonymous_4)","decl":{"start":{"line":11,"column":21},"end":{"line":11,"column":26}},"loc":{"start":{"line":11,"column":32},"end":{"line":24,"column":5}}}},"branchMap":{},"s":{"0":0,"1":0,"2":0,"3":0,"4":0,"5":0,"6":0,"7":0,"8":0,"9":0,"10":0,"11":0,"12":0},"f":{"0":0,"1":0,"2":0},"b":{}}
,"C:\\Users\\paszt\\Downloads\\courses\\web-adat-teszt\\web-adat-teszt\\web-adat-backend\\src\\performancemetrics\\performancemetrics.module.ts": {"path":"C:\\Users\\paszt\\Downloads\\courses\\web-adat-teszt\\web-adat-teszt\\web-adat-backend\\src\\performancemetrics\\performancemetrics.module.ts","statementMap":{"0":{"start":{"line":1,"column":0},"end":{"line":1,"column":40}},"1":{"start":{"line":2,"column":0},"end":{"line":2,"column":73}},"2":{"start":{"line":3,"column":0},"end":{"line":3,"column":79}},"3":{"start":{"line":4,"column":0},"end":{"line":4,"column":51}},"4":{"start":{"line":10,"column":7},"end":{"line":10,"column":null}},"5":{"start":{"line":10,"column":13},"end":{"line":10,"column":37}},"6":{"start":{"line":10,"column":13},"end":{"line":10,"column":null}}},"fnMap":{},"branchMap":{},"s":{"0":0,"1":0,"2":0,"3":0,"4":0,"5":0,"6":0},"f":{},"b":{}}
,"C:\\Users\\paszt\\Downloads\\courses\\web-adat-teszt\\web-adat-teszt\\web-adat-backend\\src\\performancemetrics\\performancemetrics.service.ts": {"path":"C:\\Users\\paszt\\Downloads\\courses\\web-adat-teszt\\web-adat-teszt\\web-adat-backend\\src\\performancemetrics\\performancemetrics.service.ts","statementMap":{"0":{"start":{"line":1,"column":0},"end":{"line":1,"column":44}},"1":{"start":{"line":2,"column":0},"end":{"line":2,"column":51}},"2":{"start":{"line":5,"column":7},"end":{"line":58,"column":null}},"3":{"start":{"line":6,"column":31},"end":{"line":6,"column":39}},"4":{"start":{"line":14,"column":24},"end":{"line":14,"column":31}},"5":{"start":{"line":16,"column":4},"end":{"line":22,"column":7}},"6":{"start":{"line":25,"column":20},"end":{"line":27,"column":6}},"7":{"start":{"line":29,"column":4},"end":{"line":31,"column":5}},"8":{"start":{"line":30,"column":6},"end":{"line":30,"column":43}},"9":{"start":{"line":32,"column":17},"end":{"line":32,"column":67}},"10":{"start":{"line":32,"column":47},"end":{"line":32,"column":63}},"11":{"start":{"line":33,"column":18},"end":{"line":33,"column":39}},"12":{"start":{"line":35,"column":4},"end":{"line":38,"column":6}},"13":{"start":{"line":43,"column":20},"end":{"line":51,"column":6}},"14":{"start":{"line":52,"column":4},"end":{"line":56,"column":8}},"15":{"start":{"line":52,"column":35},"end":{"line":56,"column":6}},"16":{"start":{"line":5,"column":13},"end":{"line":5,"column":38}},"17":{"start":{"line":5,"column":13},"end":{"line":58,"column":null}}},"fnMap":{"0":{"name":"(anonymous_2)","decl":{"start":{"line":6,"column":2},"end":{"line":6,"column":31}},"loc":{"start":{"line":6,"column":52},"end":{"line":6,"column":56}}},"1":{"name":"(anonymous_3)","decl":{"start":{"line":8,"column":2},"end":{"line":8,"column":7}},"loc":{"start":{"line":12,"column":23},"end":{"line":23,"column":3}}},"2":{"name":"(anonymous_4)","decl":{"start":{"line":24,"column":2},"end":{"line":24,"column":7}},"loc":{"start":{"line":24,"column":42},"end":{"line":39,"column":3}}},"3":{"name":"(anonymous_5)","decl":{"start":{"line":32,"column":32},"end":{"line":32,"column":33}},"loc":{"start":{"line":32,"column":47},"end":{"line":32,"column":63}}},"4":{"name":"(anonymous_6)","decl":{"start":{"line":42,"column":2},"end":{"line":42,"column":7}},"loc":{"start":{"line":42,"column":27},"end":{"line":57,"column":3}}},"5":{"name":"(anonymous_7)","decl":{"start":{"line":52,"column":23},"end":{"line":52,"column":24}},"loc":{"start":{"line":52,"column":35},"end":{"line":56,"column":6}}}},"branchMap":{"0":{"loc":{"start":{"line":29,"column":4},"end":{"line":31,"column":5}},"type":"if","locations":[{"start":{"line":29,"column":4},"end":{"line":31,"column":5}}]}},"s":{"0":0,"1":0,"2":0,"3":0,"4":0,"5":0,"6":0,"7":0,"8":0,"9":0,"10":0,"11":0,"12":0,"13":0,"14":0,"15":0,"16":0,"17":0},"f":{"0":0,"1":0,"2":0,"3":0,"4":0,"5":0},"b":{"0":[0]}}
,"C:\\Users\\paszt\\Downloads\\courses\\web-adat-teszt\\web-adat-teszt\\web-adat-backend\\src\\purchases\\purchases.controller.ts": {"path":"C:\\Users\\paszt\\Downloads\\courses\\web-adat-teszt\\web-adat-teszt\\web-adat-backend\\src\\purchases\\purchases.controller.ts","statementMap":{"0":{"start":{"line":1,"column":0},"end":{"line":1,"column":83}},"1":{"start":{"line":2,"column":0},"end":{"line":2,"column":55}},"2":{"start":{"line":3,"column":0},"end":{"line":3,"column":62}},"3":{"start":{"line":4,"column":0},"end":{"line":4,"column":62}},"4":{"start":{"line":7,"column":7},"end":{"line":34,"column":null}},"5":{"start":{"line":8,"column":31},"end":{"line":8,"column":49}},"6":{"start":{"line":12,"column":4},"end":{"line":12,"column":59}},"7":{"start":{"line":17,"column":4},"end":{"line":17,"column":43}},"8":{"start":{"line":22,"column":4},"end":{"line":22,"column":46}},"9":{"start":{"line":27,"column":4},"end":{"line":27,"column":64}},"10":{"start":{"line":32,"column":4},"end":{"line":32,"column":45}},"11":{"start":{"line":7,"column":13},"end":{"line":7,"column":32}},"12":{"start":{"line":11,"column":2},"end":{"line":13,"column":null}},"13":{"start":{"line":16,"column":2},"end":{"line":18,"column":null}},"14":{"start":{"line":21,"column":2},"end":{"line":23,"column":null}},"15":{"start":{"line":26,"column":2},"end":{"line":28,"column":null}},"16":{"start":{"line":31,"column":2},"end":{"line":33,"column":null}},"17":{"start":{"line":7,"column":13},"end":{"line":34,"column":null}}},"fnMap":{"0":{"name":"(anonymous_4)","decl":{"start":{"line":8,"column":2},"end":{"line":8,"column":31}},"loc":{"start":{"line":8,"column":65},"end":{"line":8,"column":69}}},"1":{"name":"(anonymous_5)","decl":{"start":{"line":11,"column":2},"end":{"line":11,"column":8}},"loc":{"start":{"line":11,"column":53},"end":{"line":13,"column":3}}},"2":{"name":"(anonymous_6)","decl":{"start":{"line":16,"column":2},"end":{"line":16,"column":9}},"loc":{"start":{"line":16,"column":9},"end":{"line":18,"column":3}}},"3":{"name":"(anonymous_7)","decl":{"start":{"line":21,"column":2},"end":{"line":21,"column":9}},"loc":{"start":{"line":21,"column":33},"end":{"line":23,"column":3}}},"4":{"name":"(anonymous_8)","decl":{"start":{"line":26,"column":2},"end":{"line":26,"column":8}},"loc":{"start":{"line":26,"column":78},"end":{"line":28,"column":3}}},"5":{"name":"(anonymous_9)","decl":{"start":{"line":31,"column":2},"end":{"line":31,"column":8}},"loc":{"start":{"line":31,"column":32},"end":{"line":33,"column":3}}}},"branchMap":{},"s":{"0":0,"1":0,"2":0,"3":0,"4":0,"5":0,"6":0,"7":0,"8":0,"9":0,"10":0,"11":0,"12":0,"13":0,"14":0,"15":0,"16":0,"17":0},"f":{"0":0,"1":0,"2":0,"3":0,"4":0,"5":0},"b":{}}
,"C:\\Users\\paszt\\Downloads\\courses\\web-adat-teszt\\web-adat-teszt\\web-adat-backend\\src\\purchases\\purchases.module.ts": {"path":"C:\\Users\\paszt\\Downloads\\courses\\web-adat-teszt\\web-adat-teszt\\web-adat-backend\\src\\purchases\\purchases.module.ts","statementMap":{"0":{"start":{"line":1,"column":0},"end":{"line":1,"column":40}},"1":{"start":{"line":2,"column":0},"end":{"line":2,"column":55}},"2":{"start":{"line":3,"column":0},"end":{"line":3,"column":61}},"3":{"start":{"line":4,"column":0},"end":{"line":4,"column":51}},"4":{"start":{"line":10,"column":7},"end":{"line":10,"column":null}},"5":{"start":{"line":10,"column":13},"end":{"line":10,"column":28}},"6":{"start":{"line":10,"column":13},"end":{"line":10,"column":null}}},"fnMap":{},"branchMap":{},"s":{"0":0,"1":0,"2":0,"3":0,"4":0,"5":0,"6":0},"f":{},"b":{}}
,"C:\\Users\\paszt\\Downloads\\courses\\web-adat-teszt\\web-adat-teszt\\web-adat-backend\\src\\purchases\\purchases.service.ts": {"path":"C:\\Users\\paszt\\Downloads\\courses\\web-adat-teszt\\web-adat-teszt\\web-adat-backend\\src\\purchases\\purchases.service.ts","statementMap":{"0":{"start":{"line":1,"column":0},"end":{"line":1,"column":44}},"1":{"start":{"line":4,"column":0},"end":{"line":4,"column":51}},"2":{"start":{"line":7,"column":7},"end":{"line":34,"column":null}},"3":{"start":{"line":10,"column":4},"end":{"line":10,"column":null}},"4":{"start":{"line":13,"column":4},"end":{"line":13,"column":63}},"5":{"start":{"line":14,"column":4},"end":{"line":14,"column":30}},"6":{"start":{"line":18,"column":4},"end":{"line":18,"column":45}},"7":{"start":{"line":22,"column":4},"end":{"line":22,"column":64}},"8":{"start":{"line":26,"column":4},"end":{"line":26,"column":78}},"9":{"start":{"line":27,"column":4},"end":{"line":27,"column":29}},"10":{"start":{"line":31,"column":4},"end":{"line":31,"column":53}},"11":{"start":{"line":32,"column":4},"end":{"line":32,"column":34}},"12":{"start":{"line":7,"column":13},"end":{"line":7,"column":29}},"13":{"start":{"line":7,"column":13},"end":{"line":34,"column":null}}},"fnMap":{"0":{"name":"(anonymous_2)","decl":{"start":{"line":9,"column":2},"end":{"line":9,"column":14}},"loc":{"start":{"line":9,"column":31},"end":{"line":11,"column":3}}},"1":{"name":"(anonymous_3)","decl":{"start":{"line":12,"column":2},"end":{"line":12,"column":7}},"loc":{"start":{"line":12,"column":51},"end":{"line":15,"column":3}}},"2":{"name":"(anonymous_4)","decl":{"start":{"line":17,"column":2},"end":{"line":17,"column":7}},"loc":{"start":{"line":17,"column":15},"end":{"line":19,"column":3}}},"3":{"name":"(anonymous_5)","decl":{"start":{"line":21,"column":2},"end":{"line":21,"column":7}},"loc":{"start":{"line":21,"column":26},"end":{"line":23,"column":3}}},"4":{"name":"(anonymous_6)","decl":{"start":{"line":25,"column":2},"end":{"line":25,"column":7}},"loc":{"start":{"line":25,"column":63},"end":{"line":28,"column":3}}},"5":{"name":"(anonymous_7)","decl":{"start":{"line":30,"column":2},"end":{"line":30,"column":7}},"loc":{"start":{"line":30,"column":25},"end":{"line":33,"column":3}}}},"branchMap":{},"s":{"0":0,"1":0,"2":0,"3":0,"4":0,"5":0,"6":0,"7":0,"8":0,"9":0,"10":0,"11":0,"12":0,"13":0},"f":{"0":0,"1":0,"2":0,"3":0,"4":0,"5":0},"b":{}}
,"C:\\Users\\paszt\\Downloads\\courses\\web-adat-teszt\\web-adat-teszt\\web-adat-backend\\src\\purchases\\dto\\create-purchase.dto.ts": {"path":"C:\\Users\\paszt\\Downloads\\courses\\web-adat-teszt\\web-adat-teszt\\web-adat-backend\\src\\purchases\\dto\\create-purchase.dto.ts","statementMap":{"0":{"start":{"line":1,"column":0},"end":{"line":1,"column":13}}},"fnMap":{},"branchMap":{},"s":{"0":0},"f":{},"b":{}}
,"C:\\Users\\paszt\\Downloads\\courses\\web-adat-teszt\\web-adat-teszt\\web-adat-backend\\src\\purchases\\dto\\update-purchase.dto.ts": {"path":"C:\\Users\\paszt\\Downloads\\courses\\web-adat-teszt\\web-adat-teszt\\web-adat-backend\\src\\purchases\\dto\\update-purchase.dto.ts","statementMap":{"0":{"start":{"line":1,"column":0},"end":{"line":1,"column":51}},"1":{"start":{"line":2,"column":0},"end":{"line":2,"column":58}},"2":{"start":{"line":4,"column":0},"end":{"line":4,"column":13}}},"fnMap":{},"branchMap":{},"s":{"0":0,"1":0,"2":0},"f":{},"b":{}}
,"C:\\Users\\paszt\\Downloads\\courses\\web-adat-teszt\\web-adat-teszt\\web-adat-backend\\src\\purchases\\entities\\purchase.entity.ts": {"path":"C:\\Users\\paszt\\Downloads\\courses\\web-adat-teszt\\web-adat-teszt\\web-adat-backend\\src\\purchases\\entities\\purchase.entity.ts","statementMap":{"0":{"start":{"line":4,"column":0},"end":{"line":4,"column":13}}},"fnMap":{},"branchMap":{},"s":{"0":0},"f":{},"b":{}}
,"C:\\Users\\paszt\\Downloads\\courses\\web-adat-teszt\\web-adat-teszt\\web-adat-backend\\src\\users\\users.controller.ts": {"path":"C:\\Users\\paszt\\Downloads\\courses\\web-adat-teszt\\web-adat-teszt\\web-adat-backend\\src\\users\\users.controller.ts","statementMap":{"0":{"start":{"line":1,"column":0},"end":{"line":1,"column":83}},"1":{"start":{"line":2,"column":0},"end":{"line":2,"column":47}},"2":{"start":{"line":3,"column":0},"end":{"line":3,"column":54}},"3":{"start":{"line":4,"column":0},"end":{"line":4,"column":54}},"4":{"start":{"line":7,"column":7},"end":{"line":34,"column":null}},"5":{"start":{"line":8,"column":31},"end":{"line":8,"column":45}},"6":{"start":{"line":12,"column":4},"end":{"line":12,"column":51}},"7":{"start":{"line":17,"column":4},"end":{"line":17,"column":39}},"8":{"start":{"line":22,"column":4},"end":{"line":22,"column":42}},"9":{"start":{"line":27,"column":4},"end":{"line":27,"column":56}},"10":{"start":{"line":32,"column":4},"end":{"line":32,"column":41}},"11":{"start":{"line":7,"column":13},"end":{"line":7,"column":28}},"12":{"start":{"line":11,"column":2},"end":{"line":13,"column":null}},"13":{"start":{"line":16,"column":2},"end":{"line":18,"column":null}},"14":{"start":{"line":21,"column":2},"end":{"line":23,"column":null}},"15":{"start":{"line":26,"column":2},"end":{"line":28,"column":null}},"16":{"start":{"line":31,"column":2},"end":{"line":33,"column":null}},"17":{"start":{"line":7,"column":13},"end":{"line":34,"column":null}}},"fnMap":{"0":{"name":"(anonymous_4)","decl":{"start":{"line":8,"column":2},"end":{"line":8,"column":31}},"loc":{"start":{"line":8,"column":57},"end":{"line":8,"column":61}}},"1":{"name":"(anonymous_5)","decl":{"start":{"line":11,"column":2},"end":{"line":11,"column":8}},"loc":{"start":{"line":11,"column":45},"end":{"line":13,"column":3}}},"2":{"name":"(anonymous_6)","decl":{"start":{"line":16,"column":2},"end":{"line":16,"column":9}},"loc":{"start":{"line":16,"column":9},"end":{"line":18,"column":3}}},"3":{"name":"(anonymous_7)","decl":{"start":{"line":21,"column":2},"end":{"line":21,"column":9}},"loc":{"start":{"line":21,"column":33},"end":{"line":23,"column":3}}},"4":{"name":"(anonymous_8)","decl":{"start":{"line":26,"column":2},"end":{"line":26,"column":8}},"loc":{"start":{"line":26,"column":70},"end":{"line":28,"column":3}}},"5":{"name":"(anonymous_9)","decl":{"start":{"line":31,"column":2},"end":{"line":31,"column":8}},"loc":{"start":{"line":31,"column":32},"end":{"line":33,"column":3}}}},"branchMap":{},"s":{"0":1,"1":1,"2":1,"3":1,"4":1,"5":0,"6":0,"7":0,"8":0,"9":0,"10":0,"11":1,"12":1,"13":1,"14":1,"15":1,"16":1,"17":1},"f":{"0":0,"1":0,"2":0,"3":0,"4":0,"5":0},"b":{}}
,"C:\\Users\\paszt\\Downloads\\courses\\web-adat-teszt\\web-adat-teszt\\web-adat-backend\\src\\users\\users.module.ts": {"path":"C:\\Users\\paszt\\Downloads\\courses\\web-adat-teszt\\web-adat-teszt\\web-adat-backend\\src\\users\\users.module.ts","statementMap":{"0":{"start":{"line":1,"column":0},"end":{"line":1,"column":40}},"1":{"start":{"line":2,"column":0},"end":{"line":2,"column":47}},"2":{"start":{"line":3,"column":0},"end":{"line":3,"column":53}},"3":{"start":{"line":4,"column":0},"end":{"line":4,"column":51}},"4":{"start":{"line":10,"column":7},"end":{"line":10,"column":null}},"5":{"start":{"line":10,"column":13},"end":{"line":10,"column":24}},"6":{"start":{"line":10,"column":13},"end":{"line":10,"column":null}}},"fnMap":{},"branchMap":{},"s":{"0":0,"1":0,"2":0,"3":0,"4":0,"5":0,"6":0},"f":{},"b":{}}
,"C:\\Users\\paszt\\Downloads\\courses\\web-adat-teszt\\web-adat-teszt\\web-adat-backend\\src\\users\\users.service.ts": {"path":"C:\\Users\\paszt\\Downloads\\courses\\web-adat-teszt\\web-adat-teszt\\web-adat-backend\\src\\users\\users.service.ts","statementMap":{"0":{"start":{"line":1,"column":0},"end":{"line":1,"column":44}},"1":{"start":{"line":4,"column":0},"end":{"line":4,"column":49}},"2":{"start":{"line":7,"column":7},"end":{"line":40,"column":null}},"3":{"start":{"line":10,"column":4},"end":{"line":10,"column":17}},"4":{"start":{"line":14,"column":15},"end":{"line":14,"column":32}},"5":{"start":{"line":15,"column":4},"end":{"line":15,"column":55}},"6":{"start":{"line":16,"column":15},"end":{"line":16,"column":32}},"7":{"start":{"line":17,"column":4},"end":{"line":17,"column":76}},"8":{"start":{"line":18,"column":4},"end":{"line":18,"column":36}},"9":{"start":{"line":22,"column":18},"end":{"line":22,"column":47}},"10":{"start":{"line":24,"column":4},"end":{"line":24,"column":17}},"11":{"start":{"line":28,"column":4},"end":{"line":28,"column":60}},"12":{"start":{"line":32,"column":4},"end":{"line":32,"column":70}},"13":{"start":{"line":33,"column":4},"end":{"line":33,"column":35}},"14":{"start":{"line":37,"column":4},"end":{"line":37,"column":49}},"15":{"start":{"line":38,"column":4},"end":{"line":38,"column":40}},"16":{"start":{"line":7,"column":13},"end":{"line":7,"column":25}},"17":{"start":{"line":7,"column":13},"end":{"line":40,"column":null}}},"fnMap":{"0":{"name":"(anonymous_2)","decl":{"start":{"line":9,"column":2},"end":{"line":9,"column":14}},"loc":{"start":{"line":9,"column":31},"end":{"line":11,"column":3}}},"1":{"name":"(anonymous_3)","decl":{"start":{"line":13,"column":2},"end":{"line":13,"column":7}},"loc":{"start":{"line":13,"column":43},"end":{"line":19,"column":3}}},"2":{"name":"(anonymous_4)","decl":{"start":{"line":21,"column":2},"end":{"line":21,"column":7}},"loc":{"start":{"line":21,"column":15},"end":{"line":25,"column":3}}},"3":{"name":"(anonymous_5)","decl":{"start":{"line":27,"column":2},"end":{"line":27,"column":7}},"loc":{"start":{"line":27,"column":26},"end":{"line":29,"column":3}}},"4":{"name":"(anonymous_6)","decl":{"start":{"line":31,"column":2},"end":{"line":31,"column":7}},"loc":{"start":{"line":31,"column":55},"end":{"line":34,"column":3}}},"5":{"name":"(anonymous_7)","decl":{"start":{"line":36,"column":2},"end":{"line":36,"column":7}},"loc":{"start":{"line":36,"column":25},"end":{"line":39,"column":3}}}},"branchMap":{},"s":{"0":1,"1":1,"2":1,"3":0,"4":0,"5":0,"6":0,"7":0,"8":0,"9":0,"10":0,"11":0,"12":0,"13":0,"14":0,"15":0,"16":1,"17":1},"f":{"0":0,"1":0,"2":0,"3":0,"4":0,"5":0},"b":{}}
,"C:\\Users\\paszt\\Downloads\\courses\\web-adat-teszt\\web-adat-teszt\\web-adat-backend\\src\\users\\dto\\create-user.dto.ts": {"path":"C:\\Users\\paszt\\Downloads\\courses\\web-adat-teszt\\web-adat-teszt\\web-adat-backend\\src\\users\\dto\\create-user.dto.ts","statementMap":{"0":{"start":{"line":1,"column":0},"end":{"line":1,"column":13}}},"fnMap":{},"branchMap":{},"s":{"0":1},"f":{},"b":{}}
,"C:\\Users\\paszt\\Downloads\\courses\\web-adat-teszt\\web-adat-teszt\\web-adat-backend\\src\\users\\dto\\update-user.dto.ts": {"path":"C:\\Users\\paszt\\Downloads\\courses\\web-adat-teszt\\web-adat-teszt\\web-adat-backend\\src\\users\\dto\\update-user.dto.ts","statementMap":{"0":{"start":{"line":1,"column":0},"end":{"line":1,"column":51}},"1":{"start":{"line":2,"column":0},"end":{"line":2,"column":50}},"2":{"start":{"line":4,"column":0},"end":{"line":4,"column":13}}},"fnMap":{},"branchMap":{},"s":{"0":1,"1":1,"2":1},"f":{},"b":{}}
,"C:\\Users\\paszt\\Downloads\\courses\\web-adat-teszt\\web-adat-teszt\\web-adat-backend\\src\\users\\entities\\user.entity.ts": {"path":"C:\\Users\\paszt\\Downloads\\courses\\web-adat-teszt\\web-adat-teszt\\web-adat-backend\\src\\users\\entities\\user.entity.ts","statementMap":{"0":{"start":{"line":4,"column":0},"end":{"line":4,"column":13}}},"fnMap":{},"branchMap":{},"s":{"0":0},"f":{},"b":{}}
,"C:\\Users\\paszt\\Downloads\\courses\\web-adat-teszt\\web-adat-teszt\\web-adat-backend\\src\\vehicles\\vehicles.controller.ts": {"path":"C:\\Users\\paszt\\Downloads\\courses\\web-adat-teszt\\web-adat-teszt\\web-adat-backend\\src\\vehicles\\vehicles.controller.ts","statementMap":{"0":{"start":{"line":1,"column":0},"end":{"line":1,"column":83}},"1":{"start":{"line":2,"column":0},"end":{"line":2,"column":53}},"2":{"start":{"line":3,"column":0},"end":{"line":3,"column":60}},"3":{"start":{"line":4,"column":0},"end":{"line":4,"column":60}},"4":{"start":{"line":7,"column":7},"end":{"line":34,"column":null}},"5":{"start":{"line":8,"column":31},"end":{"line":8,"column":48}},"6":{"start":{"line":12,"column":4},"end":{"line":12,"column":57}},"7":{"start":{"line":17,"column":4},"end":{"line":17,"column":42}},"8":{"start":{"line":22,"column":4},"end":{"line":22,"column":45}},"9":{"start":{"line":27,"column":4},"end":{"line":27,"column":62}},"10":{"start":{"line":32,"column":4},"end":{"line":32,"column":44}},"11":{"start":{"line":7,"column":13},"end":{"line":7,"column":31}},"12":{"start":{"line":11,"column":2},"end":{"line":13,"column":null}},"13":{"start":{"line":16,"column":2},"end":{"line":18,"column":null}},"14":{"start":{"line":21,"column":2},"end":{"line":23,"column":null}},"15":{"start":{"line":26,"column":2},"end":{"line":28,"column":null}},"16":{"start":{"line":31,"column":2},"end":{"line":33,"column":null}},"17":{"start":{"line":7,"column":13},"end":{"line":34,"column":null}}},"fnMap":{"0":{"name":"(anonymous_4)","decl":{"start":{"line":8,"column":2},"end":{"line":8,"column":31}},"loc":{"start":{"line":8,"column":63},"end":{"line":8,"column":67}}},"1":{"name":"(anonymous_5)","decl":{"start":{"line":11,"column":2},"end":{"line":11,"column":8}},"loc":{"start":{"line":11,"column":51},"end":{"line":13,"column":3}}},"2":{"name":"(anonymous_6)","decl":{"start":{"line":16,"column":2},"end":{"line":16,"column":9}},"loc":{"start":{"line":16,"column":9},"end":{"line":18,"column":3}}},"3":{"name":"(anonymous_7)","decl":{"start":{"line":21,"column":2},"end":{"line":21,"column":9}},"loc":{"start":{"line":21,"column":33},"end":{"line":23,"column":3}}},"4":{"name":"(anonymous_8)","decl":{"start":{"line":26,"column":2},"end":{"line":26,"column":8}},"loc":{"start":{"line":26,"column":76},"end":{"line":28,"column":3}}},"5":{"name":"(anonymous_9)","decl":{"start":{"line":31,"column":2},"end":{"line":31,"column":8}},"loc":{"start":{"line":31,"column":32},"end":{"line":33,"column":3}}}},"branchMap":{},"s":{"0":0,"1":0,"2":0,"3":0,"4":0,"5":0,"6":0,"7":0,"8":0,"9":0,"10":0,"11":0,"12":0,"13":0,"14":0,"15":0,"16":0,"17":0},"f":{"0":0,"1":0,"2":0,"3":0,"4":0,"5":0},"b":{}}
,"C:\\Users\\paszt\\Downloads\\courses\\web-adat-teszt\\web-adat-teszt\\web-adat-backend\\src\\vehicles\\vehicles.module.ts": {"path":"C:\\Users\\paszt\\Downloads\\courses\\web-adat-teszt\\web-adat-teszt\\web-adat-backend\\src\\vehicles\\vehicles.module.ts","statementMap":{"0":{"start":{"line":1,"column":0},"end":{"line":1,"column":40}},"1":{"start":{"line":2,"column":0},"end":{"line":2,"column":53}},"2":{"start":{"line":3,"column":0},"end":{"line":3,"column":59}},"3":{"start":{"line":4,"column":0},"end":{"line":4,"column":51}},"4":{"start":{"line":10,"column":7},"end":{"line":10,"column":null}},"5":{"start":{"line":10,"column":13},"end":{"line":10,"column":27}},"6":{"start":{"line":10,"column":13},"end":{"line":10,"column":null}}},"fnMap":{},"branchMap":{},"s":{"0":0,"1":0,"2":0,"3":0,"4":0,"5":0,"6":0},"f":{},"b":{}}
,"C:\\Users\\paszt\\Downloads\\courses\\web-adat-teszt\\web-adat-teszt\\web-adat-backend\\src\\vehicles\\vehicles.service.ts": {"path":"C:\\Users\\paszt\\Downloads\\courses\\web-adat-teszt\\web-adat-teszt\\web-adat-backend\\src\\vehicles\\vehicles.service.ts","statementMap":{"0":{"start":{"line":1,"column":0},"end":{"line":1,"column":44}},"1":{"start":{"line":4,"column":0},"end":{"line":4,"column":51}},"2":{"start":{"line":7,"column":7},"end":{"line":34,"column":null}},"3":{"start":{"line":10,"column":4},"end":{"line":10,"column":null}},"4":{"start":{"line":13,"column":4},"end":{"line":13,"column":61}},"5":{"start":{"line":14,"column":4},"end":{"line":14,"column":30}},"6":{"start":{"line":18,"column":4},"end":{"line":18,"column":44}},"7":{"start":{"line":22,"column":4},"end":{"line":22,"column":63}},"8":{"start":{"line":26,"column":4},"end":{"line":26,"column":76}},"9":{"start":{"line":27,"column":4},"end":{"line":27,"column":29}},"10":{"start":{"line":31,"column":4},"end":{"line":31,"column":52}},"11":{"start":{"line":32,"column":4},"end":{"line":32,"column":34}},"12":{"start":{"line":7,"column":13},"end":{"line":7,"column":28}},"13":{"start":{"line":7,"column":13},"end":{"line":34,"column":null}}},"fnMap":{"0":{"name":"(anonymous_2)","decl":{"start":{"line":9,"column":2},"end":{"line":9,"column":14}},"loc":{"start":{"line":9,"column":31},"end":{"line":11,"column":3}}},"1":{"name":"(anonymous_3)","decl":{"start":{"line":12,"column":2},"end":{"line":12,"column":7}},"loc":{"start":{"line":12,"column":49},"end":{"line":15,"column":3}}},"2":{"name":"(anonymous_4)","decl":{"start":{"line":17,"column":2},"end":{"line":17,"column":7}},"loc":{"start":{"line":17,"column":15},"end":{"line":19,"column":3}}},"3":{"name":"(anonymous_5)","decl":{"start":{"line":21,"column":2},"end":{"line":21,"column":7}},"loc":{"start":{"line":21,"column":26},"end":{"line":23,"column":3}}},"4":{"name":"(anonymous_6)","decl":{"start":{"line":25,"column":2},"end":{"line":25,"column":7}},"loc":{"start":{"line":25,"column":61},"end":{"line":28,"column":3}}},"5":{"name":"(anonymous_7)","decl":{"start":{"line":30,"column":2},"end":{"line":30,"column":7}},"loc":{"start":{"line":30,"column":25},"end":{"line":33,"column":3}}}},"branchMap":{},"s":{"0":0,"1":0,"2":0,"3":0,"4":0,"5":0,"6":0,"7":0,"8":0,"9":0,"10":0,"11":0,"12":0,"13":0},"f":{"0":0,"1":0,"2":0,"3":0,"4":0,"5":0},"b":{}}
,"C:\\Users\\paszt\\Downloads\\courses\\web-adat-teszt\\web-adat-teszt\\web-adat-backend\\src\\vehicles\\dto\\create-vehicle.dto.ts": {"path":"C:\\Users\\paszt\\Downloads\\courses\\web-adat-teszt\\web-adat-teszt\\web-adat-backend\\src\\vehicles\\dto\\create-vehicle.dto.ts","statementMap":{"0":{"start":{"line":1,"column":0},"end":{"line":1,"column":13}}},"fnMap":{},"branchMap":{},"s":{"0":0},"f":{},"b":{}}
,"C:\\Users\\paszt\\Downloads\\courses\\web-adat-teszt\\web-adat-teszt\\web-adat-backend\\src\\vehicles\\dto\\update-vehicle.dto.ts": {"path":"C:\\Users\\paszt\\Downloads\\courses\\web-adat-teszt\\web-adat-teszt\\web-adat-backend\\src\\vehicles\\dto\\update-vehicle.dto.ts","statementMap":{"0":{"start":{"line":1,"column":0},"end":{"line":1,"column":51}},"1":{"start":{"line":2,"column":0},"end":{"line":2,"column":56}},"2":{"start":{"line":4,"column":0},"end":{"line":4,"column":13}}},"fnMap":{},"branchMap":{},"s":{"0":0,"1":0,"2":0},"f":{},"b":{}}
,"C:\\Users\\paszt\\Downloads\\courses\\web-adat-teszt\\web-adat-teszt\\web-adat-backend\\src\\vehicles\\entities\\vehicle.entity.ts": {"path":"C:\\Users\\paszt\\Downloads\\courses\\web-adat-teszt\\web-adat-teszt\\web-adat-backend\\src\\vehicles\\entities\\vehicle.entity.ts","statementMap":{"0":{"start":{"line":4,"column":0},"end":{"line":4,"column":13}}},"fnMap":{},"branchMap":{},"s":{"0":0},"f":{},"b":{}}
}
